[09-25_04-08] init: _on_browser_menus_did_init START
[09-25_04-08] load_browser_menu: START
[09-25_04-08] load_browser_menu: actions count = 3
[09-25_04-08] load_browser_menu: reusing browser.form.menu_Custom with title = Custom
[09-25_04-08] load_browser_menu: entering actions loop
[09-25_04-08]   action: name='Search all', module='Find_QIDs', function='run_search_all_from_browser', submenu='Find QIDs', enabled=True
[09-25_04-08]   added action 'Search all' under menu 'Find QIDs'
[09-25_04-08]   action: name='Search 1-by-1', module='Find_QIDs', function='run_search_one_by_one_from_browser', submenu='Find QIDs', enabled=True
[09-25_04-08]   added action 'Search 1-by-1' under menu 'Find QIDs'
[09-25_04-08]   action: name='Apply tag-counts', module='tag_count', function='run_tag_count_from_browser', submenu='Tag tools', enabled=True
[09-25_04-08]   added action 'Apply tag-counts' under menu 'Tag tools'
[09-25_04-08] load_browser_menu: END
[09-25_04-08] init: _on_browser_menus_did_init END (success)
[09-55_04-08] init: _on_browser_menus_did_init START
[09-55_04-08] load_browser_menu: START
[09-55_04-08] load_browser_menu: actions count = 3
[09-55_04-08] load_browser_menu: created browser.form.menu_Custom with title = Custom
[09-55_04-08] load_browser_menu: entering actions loop
[09-55_04-08]   action: name='Search all', module='Find_QIDs', function='run_search_all_from_browser', submenu='Find QIDs', enabled=True
[09-55_04-08] load_browser_menu: creating submenu 'Find QIDs' under Custom
[09-55_04-08]   added action 'Search all' under menu 'Find QIDs'
[09-55_04-08]   action: name='Search 1-by-1', module='Find_QIDs', function='run_search_one_by_one_from_browser', submenu='Find QIDs', enabled=True
[09-55_04-08]   added action 'Search 1-by-1' under menu 'Find QIDs'
[09-55_04-08]   action: name='Apply tag-counts', module='tag_count', function='run_tag_count_from_browser', submenu='Tag tools', enabled=True
[09-55_04-08] load_browser_menu: creating submenu 'Tag tools' under Custom
[09-55_04-08]   added action 'Apply tag-counts' under menu 'Tag tools'
[09-55_04-08] load_browser_menu: adding 'QID search config' under 'Find QIDs' submenu
[09-55_04-08] load_browser_menu: END
[09-55_04-08] init: _on_browser_menus_did_init END (success)
[12-20_04-08] init: _on_browser_menus_did_init START
[12-20_04-08] load_browser_menu: START
[12-20_04-08] load_browser_menu: actions count = 3
[12-20_04-08] load_browser_menu: created browser.form.menu_Custom with title = Custom
[12-20_04-08] load_browser_menu: entering actions loop
[12-20_04-08]   action: name='Search all', module='Find_QIDs', function='run_search_all_from_browser', submenu='Find QIDs', enabled=True
[12-20_04-08] load_browser_menu: creating submenu 'Find QIDs' under Custom
[12-20_04-08]   added action 'Search all' under menu 'Find QIDs'
[12-20_04-08]   action: name='Search 1-by-1', module='Find_QIDs', function='run_search_one_by_one_from_browser', submenu='Find QIDs', enabled=True
[12-20_04-08]   added action 'Search 1-by-1' under menu 'Find QIDs'
[12-20_04-08]   action: name='Apply tag-counts', module='tag_count', function='run_tag_count_from_browser', submenu='Tag tools', enabled=True
[12-20_04-08] load_browser_menu: creating submenu 'Tag tools' under Custom
[12-20_04-08]   added action 'Apply tag-counts' under menu 'Tag tools'
[12-20_04-08] load_browser_menu: adding 'QID search config' under 'Find QIDs' submenu
[12-20_04-08] load_browser_menu: END
[12-20_04-08] init: _on_browser_menus_did_init END (success)
[13-04_04-08] init: _on_browser_menus_did_init START
[13-04_04-08] load_browser_menu: START
[13-04_04-08] load_browser_menu: actions count = 3
[13-04_04-08] load_browser_menu: created browser.form.menu_Custom with title = Custom
[13-04_04-08] load_browser_menu: entering actions loop
[13-04_04-08]   action: name='Search all', module='Find_QIDs', function='run_search_all_from_browser', submenu='Find QIDs', enabled=True
[13-04_04-08] load_browser_menu: creating submenu 'Find QIDs' under Custom
[13-04_04-08]   added action 'Search all' under menu 'Find QIDs'
[13-04_04-08]   action: name='Search 1-by-1', module='Find_QIDs', function='run_search_one_by_one_from_browser', submenu='Find QIDs', enabled=True
[13-04_04-08]   added action 'Search 1-by-1' under menu 'Find QIDs'
[13-04_04-08]   action: name='Apply tag-counts', module='tag_count', function='run_tag_count_from_browser', submenu='Tag tools', enabled=True
[13-04_04-08] load_browser_menu: creating submenu 'Tag tools' under Custom
[13-04_04-08]   added action 'Apply tag-counts' under menu 'Tag tools'
[13-04_04-08] load_browser_menu: adding 'QID search config' under 'Find QIDs' submenu
[13-04_04-08] load_browser_menu: END
[13-04_04-08] init: _on_browser_menus_did_init END (success)
[13-21_04-08] init: _on_browser_menus_did_init START
[13-21_04-08] load_browser_menu: START
[13-21_04-08] load_browser_menu: actions count = 3
[13-21_04-08] load_browser_menu: created browser.form.menu_Custom with title = Custom
[13-21_04-08] load_browser_menu: entering actions loop
[13-21_04-08]   action: name='Search all', module='Find_QIDs', function='run_search_all_from_browser', submenu='Find QIDs', enabled=True
[13-21_04-08] load_browser_menu: creating submenu 'Find QIDs' under Custom
[13-21_04-08]   added action 'Search all' under menu 'Find QIDs'
[13-21_04-08]   action: name='Search 1-by-1', module='Find_QIDs', function='run_search_one_by_one_from_browser', submenu='Find QIDs', enabled=True
[13-21_04-08]   added action 'Search 1-by-1' under menu 'Find QIDs'
[13-21_04-08]   action: name='Apply tag-counts', module='tag_count', function='run_tag_count_from_browser', submenu='Tag tools', enabled=True
[13-21_04-08] load_browser_menu: creating submenu 'Tag tools' under Custom
[13-21_04-08]   added action 'Apply tag-counts' under menu 'Tag tools'
[13-21_04-08] load_browser_menu: adding 'QID search config' under 'Find QIDs' submenu
[13-21_04-08] load_browser_menu: END
[13-21_04-08] init: _on_browser_menus_did_init END (success)
[13-24_04-08] init: _on_browser_menus_did_init START
[13-24_04-08] load_browser_menu: START
[13-24_04-08] load_browser_menu: actions count = 3
[13-24_04-08] load_browser_menu: reusing browser.form.menu_Custom with title = Custom
[13-24_04-08] load_browser_menu: entering actions loop
[13-24_04-08]   action: name='Search all', module='Find_QIDs', function='run_search_all_from_browser', submenu='Find QIDs', enabled=True
[13-24_04-08]   added action 'Search all' under menu 'Find QIDs'
[13-24_04-08]   action: name='Search 1-by-1', module='Find_QIDs', function='run_search_one_by_one_from_browser', submenu='Find QIDs', enabled=True
[13-24_04-08]   added action 'Search 1-by-1' under menu 'Find QIDs'
[13-24_04-08]   action: name='Apply tag-counts', module='tag_count', function='run_tag_count_from_browser', submenu='Tag tools', enabled=True
[13-24_04-08]   added action 'Apply tag-counts' under menu 'Tag tools'
[13-24_04-08] load_browser_menu: END
[13-24_04-08] init: _on_browser_menus_did_init END (success)
[16-17_04-08] init: _on_browser_menus_did_init START
[16-17_04-08] load_browser_menu: START
[16-17_04-08] load_browser_menu: actions count = 3
[16-17_04-08] load_browser_menu: reusing browser.form.menu_Custom with title = Custom
[16-17_04-08] load_browser_menu: entering actions loop
[16-17_04-08]   action: name='Search all', module='Find_QIDs', function='run_search_all_from_browser', submenu='Find QIDs', enabled=True
[16-17_04-08]   added action 'Search all' under menu 'Find QIDs'
[16-17_04-08]   action: name='Search 1-by-1', module='Find_QIDs', function='run_search_one_by_one_from_browser', submenu='Find QIDs', enabled=True
[16-17_04-08]   added action 'Search 1-by-1' under menu 'Find QIDs'
[16-17_04-08]   action: name='Apply tag-counts', module='tag_count', function='run_tag_count_from_browser', submenu='Tag tools', enabled=True
[16-17_04-08] _resolve_callable: import failed for action 'Apply tag-counts' (module=_friend_pack._browser_menu.modules.tag_count): No module named '_friend_pack._browser_menu.modules.tag_count'
Traceback (most recent call last):
  File "/Users/claytongoddard/Library/Application Support/Anki2/addons21/_friend_pack/_browser_menu/loader.py", line 181, in _resolve_callable
    mod = importlib.import_module(import_path)
  File "/Users/claytongoddard/Library/Application Support/AnkiProgramFiles/python/cpython-3.13.5-macos-aarch64-none/lib/python3.13/importlib/__init__.py", line 88, in import_module
    return _bootstrap._gcd_import(name[level:], package, level)
           ~~~~~~~~~~~~~~~~~~~~~~^^^^^^^^^^^^^^^^^^^^^^^^^^^^^^
  File "<frozen importlib._bootstrap>", line 1387, in _gcd_import
  File "<frozen importlib._bootstrap>", line 1360, in _find_and_load
  File "<frozen importlib._bootstrap>", line 1324, in _find_and_load_unlocked
ModuleNotFoundError: No module named '_friend_pack._browser_menu.modules.tag_count'

[16-17_04-08]   skipping 'Apply tag-counts' because callback could not be resolved
[16-17_04-08] load_browser_menu: END
[16-17_04-08] init: _on_browser_menus_did_init END (success)
[17-12_04-08] init: _on_browser_menus_did_init START
[17-12_04-08] load_browser_menu: START
[17-12_04-08] load_browser_menu: hardcoded actions count = 2
[17-12_04-08] load_browser_menu: reusing browser.form.menu_Custom with title = Custom
[17-12_04-08] load_browser_menu: entering actions loop
[17-12_04-08]   action: name='Search all', module='Find_QIDs', function='run_search_all_from_browser', submenu='Find QIDs'
[17-12_04-08]   added action 'Search all' under menu 'Find QIDs'
[17-12_04-08]   action: name='Search 1-by-1', module='Find_QIDs', function='run_search_one_by_one_from_browser', submenu='Find QIDs'
[17-12_04-08]   added action 'Search 1-by-1' under menu 'Find QIDs'
[17-12_04-08] load_browser_menu: END
[17-12_04-08] init: _on_browser_menus_did_init END (success)
[17-14_04-08] init: _on_browser_menus_did_init START
[17-14_04-08] load_browser_menu: START
[17-14_04-08] load_browser_menu: hardcoded actions count = 2
[17-14_04-08] load_browser_menu: created browser.form.menu_Custom with title = Custom
[17-14_04-08] load_browser_menu: entering actions loop
[17-14_04-08]   action: name='Search all', module='Find_QIDs', function='run_search_all_from_browser', submenu='Find QIDs'
[17-14_04-08] load_browser_menu: creating submenu 'Find QIDs' under Custom
[17-14_04-08]   added action 'Search all' under menu 'Find QIDs'
[17-14_04-08]   action: name='Search 1-by-1', module='Find_QIDs', function='run_search_one_by_one_from_browser', submenu='Find QIDs'
[17-14_04-08]   added action 'Search 1-by-1' under menu 'Find QIDs'
[17-14_04-08] load_browser_menu: adding 'QID search config' under 'Find QIDs' submenu
[17-14_04-08] load_browser_menu: END
[17-14_04-08] init: _on_browser_menus_did_init END (success)
[17-17_04-08] init: _on_browser_menus_did_init START
[17-17_04-08] load_browser_menu: START
[17-17_04-08] load_browser_menu: hardcoded actions count = 2
[17-17_04-08] load_browser_menu: created browser.form.menu_Custom with title = Custom
[17-17_04-08] load_browser_menu: entering actions loop
[17-17_04-08]   action: name='Search all', module='Find_QIDs', function='run_search_all_from_browser', submenu='Find QIDs'
[17-17_04-08] load_browser_menu: creating submenu 'Find QIDs' under Custom
[17-17_04-08]   added action 'Search all' under menu 'Find QIDs'
[17-17_04-08]   action: name='Search 1-by-1', module='Find_QIDs', function='run_search_one_by_one_from_browser', submenu='Find QIDs'
[17-17_04-08]   added action 'Search 1-by-1' under menu 'Find QIDs'
[17-17_04-08] load_browser_menu: adding 'QID search config' under 'Find QIDs' submenu
[17-17_04-08] load_browser_menu: END
[17-17_04-08] init: _on_browser_menus_did_init END (success)
[18-01_04-08] init: _on_browser_menus_did_init START
[18-01_04-08] load_browser_menu: START
[18-01_04-08] load_browser_menu: hardcoded actions count = 2
[18-01_04-08] load_browser_menu: created browser.form.menu_Custom with title = Custom
[18-01_04-08] load_browser_menu: entering actions loop
[18-01_04-08]   action: name='Search all', module='Find_QIDs', function='run_search_all_from_browser', submenu='Find QIDs'
[18-01_04-08] load_browser_menu: creating submenu 'Find QIDs' under Custom
[18-01_04-08]   added action 'Search all' under menu 'Find QIDs'
[18-01_04-08]   action: name='Search 1-by-1', module='Find_QIDs', function='run_search_one_by_one_from_browser', submenu='Find QIDs'
[18-01_04-08]   added action 'Search 1-by-1' under menu 'Find QIDs'
[18-01_04-08] load_browser_menu: adding 'QID search config' under 'Find QIDs' submenu
[18-01_04-08] load_browser_menu: END
[18-01_04-08] init: _on_browser_menus_did_init END (success)
[18-20_04-08] init: _on_browser_menus_did_init START
[18-20_04-08] load_browser_menu: START
[18-20_04-08] load_browser_menu: hardcoded actions count = 2
[18-20_04-08] load_browser_menu: created browser.form.menu_Custom with title = Custom
[18-20_04-08] load_browser_menu: entering actions loop
[18-20_04-08]   action: name='Search all', module='Find_QIDs', function='run_search_all_from_browser', submenu='None'
[18-20_04-08]   added action 'Search all' under menu 'Custom'
[18-20_04-08]   action: name='Search 1-by-1', module='Find_QIDs', function='run_search_one_by_one_from_browser', submenu='None'
[18-20_04-08]   added action 'Search 1-by-1' under menu 'Custom'
[18-20_04-08] load_browser_menu: adding 'QID search config' directly under top-level Custom menu
[18-20_04-08] load_browser_menu: END
[18-20_04-08] init: _on_browser_menus_did_init END (success)
[18-30_04-08] init: _on_browser_menus_did_init START
[18-30_04-08] load_browser_menu: START
[18-30_04-08] load_browser_menu: hardcoded actions count = 2
[18-30_04-08] load_browser_menu: created browser.form.menu_Custom with title = Custom
[18-30_04-08] load_browser_menu: entering actions loop
[18-30_04-08]   action: name='Search all', module='Find_QIDs', function='run_search_all_from_browser', submenu='None'
[18-30_04-08]   added action 'Search all' under menu 'Custom'
[18-30_04-08]   action: name='Search 1-by-1', module='Find_QIDs', function='run_search_one_by_one_from_browser', submenu='None'
[18-30_04-08]   added action 'Search 1-by-1' under menu 'Custom'
[18-30_04-08] load_browser_menu: adding 'QID search settings' directly under top-level Custom menu
[18-30_04-08] load_browser_menu: END
[18-30_04-08] init: _on_browser_menus_did_init END (success)
[19-52_04-08] init: _on_browser_menus_did_init START
[19-52_04-08] load_browser_menu: START
[19-52_04-08] load_browser_menu: hardcoded actions count = 2
[19-52_04-08] load_browser_menu: created browser.form.menu_Custom with title = Custom
[19-52_04-08] load_browser_menu: entering actions loop
[19-52_04-08]   action: name='Search all', module='Find_QIDs', function='run_search_all_from_browser', submenu='None'
[19-52_04-08]   added action 'Search all' under menu 'Custom'
[19-52_04-08]   action: name='Search 1-by-1', module='Find_QIDs', function='run_search_one_by_one_from_browser', submenu='None'
[19-52_04-08]   added action 'Search 1-by-1' under menu 'Custom'
[19-52_04-08] load_browser_menu: adding 'QID search settings' directly under top-level Custom menu
[19-52_04-08] load_browser_menu: END
[19-52_04-08] init: _on_browser_menus_did_init END (success)
[19-54_04-08] init: _on_browser_menus_did_init START
[19-54_04-08] load_browser_menu: START
[19-54_04-08] load_browser_menu: hardcoded actions count = 2
[19-54_04-08] load_browser_menu: created browser.form.menu_Custom with title = Custom
[19-54_04-08] load_browser_menu: entering actions loop
[19-54_04-08]   action: name='Search all', module='Find_QIDs', function='run_search_all_from_browser', submenu='None'
[19-54_04-08]   added action 'Search all' under menu 'Custom'
[19-54_04-08]   action: name='Search 1-by-1', module='Find_QIDs', function='run_search_one_by_one_from_browser', submenu='None'
[19-54_04-08]   added action 'Search 1-by-1' under menu 'Custom'
[19-54_04-08] load_browser_menu: adding 'QID search settings' directly under top-level Custom menu
[19-54_04-08] load_browser_menu: END
[19-54_04-08] init: _on_browser_menus_did_init END (success)
[19-58_04-08] init: _on_browser_menus_did_init START
[19-58_04-08] load_browser_menu: START
[19-58_04-08] load_browser_menu: hardcoded actions count = 2
[19-58_04-08] load_browser_menu: created browser.form.menu_Custom with title = Custom
[19-58_04-08] load_browser_menu: entering actions loop
[19-58_04-08]   action: name='Search all', module='Find_QIDs', function='run_search_all_from_browser', submenu='None'
[19-58_04-08]   added action 'Search all' under menu 'Custom'
[19-58_04-08]   action: name='Search 1-by-1', module='Find_QIDs', function='run_search_one_by_one_from_browser', submenu='None'
[19-58_04-08]   added action 'Search 1-by-1' under menu 'Custom'
[19-58_04-08] load_browser_menu: adding 'QID search settings' directly under top-level Custom menu
[19-58_04-08] load_browser_menu: END
[19-58_04-08] init: _on_browser_menus_did_init END (success)
[21-07_04-08] init: _on_browser_menus_did_init START
[21-07_04-08] load_browser_menu: START
[21-07_04-08] load_browser_menu: hardcoded actions count = 2
[21-07_04-08] load_browser_menu: created browser.form.menu_Custom with title = Custom
[21-07_04-08] load_browser_menu: entering actions loop
[21-07_04-08]   action: name='Search all', module='Find_QIDs', function='run_search_all_from_browser', submenu='None'
[21-07_04-08]   added action 'Search all' under menu 'Custom'
[21-07_04-08]   action: name='Search 1-by-1', module='Find_QIDs', function='run_search_one_by_one_from_browser', submenu='None'
[21-07_04-08]   added action 'Search 1-by-1' under menu 'Custom'
[21-07_04-08] load_browser_menu: adding 'QID search settings' directly under top-level Custom menu
[21-07_04-08] load_browser_menu: END
[21-07_04-08] init: _on_browser_menus_did_init END (success)
[21-11_04-08] init: _on_browser_menus_did_init START
[21-11_04-08] load_browser_menu: START
[21-11_04-08] load_browser_menu: hardcoded actions count = 2
[21-11_04-08] load_browser_menu: created browser.form.menu_Custom with title = Custom
[21-11_04-08] load_browser_menu: entering actions loop
[21-11_04-08]   action: name='Search all', module='Find_QIDs', function='run_search_all_from_browser', submenu='None'
[21-11_04-08]   added action 'Search all' under menu 'Custom'
[21-11_04-08]   action: name='Search 1-by-1', module='Find_QIDs', function='run_search_one_by_one_from_browser', submenu='None'
[21-11_04-08]   added action 'Search 1-by-1' under menu 'Custom'
[21-11_04-08] load_browser_menu: adding 'QID search settings' directly under top-level Custom menu
[21-11_04-08] load_browser_menu: END
[21-11_04-08] init: _on_browser_menus_did_init END (success)
[21-26_04-08] init: _on_browser_menus_did_init START
[21-26_04-08] load_browser_menu: START
[21-26_04-08] load_browser_menu: hardcoded actions count = 2
[21-26_04-08] load_browser_menu: created browser.form.menu_Custom with title = Custom
[21-26_04-08] load_browser_menu: entering actions loop
[21-26_04-08]   action: name='Search all', module='Find_QIDs', function='run_search_all_from_browser', submenu='None'
[21-26_04-08]   added action 'Search all' under menu 'Custom'
[21-26_04-08]   action: name='Search 1-by-1', module='Find_QIDs', function='run_search_one_by_one_from_browser', submenu='None'
[21-26_04-08]   added action 'Search 1-by-1' under menu 'Custom'
[21-26_04-08] load_browser_menu: adding 'QID search settings' directly under top-level Custom menu
[21-26_04-08] load_browser_menu: END
[21-26_04-08] init: _on_browser_menus_did_init END (success)
[21-53_04-08] init: _on_browser_menus_did_init START
[21-53_04-08] load_browser_menu: START
[21-53_04-08] load_browser_menu: hardcoded actions count = 2
[21-53_04-08] load_browser_menu: created browser.form.menu_Custom with title = Custom
[21-53_04-08] load_browser_menu: entering actions loop
[21-53_04-08]   action: name='Search all', module='Find_QIDs', function='run_search_all_from_browser', submenu='None'
[21-53_04-08]   added action 'Search all' under menu 'Custom'
[21-53_04-08]   action: name='Search 1-by-1', module='Find_QIDs', function='run_search_one_by_one_from_browser', submenu='None'
[21-53_04-08]   added action 'Search 1-by-1' under menu 'Custom'
[21-53_04-08] load_browser_menu: adding 'QID search settings' directly under top-level Custom menu
[21-53_04-08] load_browser_menu: END
[21-53_04-08] init: _on_browser_menus_did_init END (success)
[22-00_04-08] init: _on_browser_menus_did_init START
[22-00_04-08] load_browser_menu: START
[22-00_04-08] load_browser_menu: hardcoded actions count = 2
[22-00_04-08] load_browser_menu: created browser.form.menu_Custom with title = Custom
[22-00_04-08] load_browser_menu: entering actions loop
[22-00_04-08]   action: name='Search all', module='Find_QIDs', function='run_search_all_from_browser', submenu='None'
[22-00_04-08]   added action 'Search all' under menu 'Custom'
[22-00_04-08]   action: name='Search 1-by-1', module='Find_QIDs', function='run_search_one_by_one_from_browser', submenu='None'
[22-00_04-08]   added action 'Search 1-by-1' under menu 'Custom'
[22-00_04-08] load_browser_menu: adding 'QID search settings' directly under top-level Custom menu
[22-00_04-08] load_browser_menu: END
[22-00_04-08] init: _on_browser_menus_did_init END (success)
[22-18_04-08] init: _on_browser_menus_did_init START
[22-18_04-08] load_browser_menu: START
[22-18_04-08] load_browser_menu: hardcoded actions count = 2
[22-18_04-08] load_browser_menu: created browser.form.menu_Custom with title = Custom
[22-18_04-08] load_browser_menu: entering actions loop
[22-18_04-08]   action: name='Search all', module='Find_QIDs', function='run_search_all_from_browser', submenu='None'
[22-18_04-08]   added action 'Search all' under menu 'Custom'
[22-18_04-08]   action: name='Search 1-by-1', module='Find_QIDs', function='run_search_one_by_one_from_browser', submenu='None'
[22-18_04-08]   added action 'Search 1-by-1' under menu 'Custom'
[22-18_04-08] load_browser_menu: adding 'QID search settings' directly under top-level Custom menu
[22-18_04-08] load_browser_menu: END
[22-18_04-08] init: _on_browser_menus_did_init END (success)
[22-23_04-08] init: _on_browser_menus_did_init START
[22-23_04-08] load_browser_menu: START
[22-23_04-08] load_browser_menu: hardcoded actions count = 2
[22-23_04-08] load_browser_menu: created browser.form.menu_Custom with title = Custom
[22-23_04-08] load_browser_menu: entering actions loop
[22-23_04-08]   action: name='Search all', module='Find_QIDs', function='run_search_all_from_browser', submenu='None'
[22-23_04-08]   added action 'Search all' under menu 'Custom'
[22-23_04-08]   action: name='Search 1-by-1', module='Find_QIDs', function='run_search_one_by_one_from_browser', submenu='None'
[22-23_04-08]   added action 'Search 1-by-1' under menu 'Custom'
[22-23_04-08] load_browser_menu: adding 'QID search settings' directly under top-level Custom menu
[22-23_04-08] load_browser_menu: END
[22-23_04-08] init: _on_browser_menus_did_init END (success)
[22-27_04-08] init: _on_browser_menus_did_init START
[22-27_04-08] load_browser_menu: START
[22-27_04-08] load_browser_menu: hardcoded actions count = 2
[22-27_04-08] load_browser_menu: created browser.form.menu_Custom with title = Custom
[22-27_04-08] load_browser_menu: entering actions loop
[22-27_04-08]   action: name='Search all', module='Find_QIDs', function='run_search_all_from_browser', submenu='None'
[22-27_04-08]   added action 'Search all' under menu 'Custom'
[22-27_04-08]   action: name='Search 1-by-1', module='Find_QIDs', function='run_search_one_by_one_from_browser', submenu='None'
[22-27_04-08]   added action 'Search 1-by-1' under menu 'Custom'
[22-27_04-08] load_browser_menu: adding 'QID search settings' directly under top-level Custom menu
[22-27_04-08] load_browser_menu: END
[22-27_04-08] init: _on_browser_menus_did_init END (success)
[22-33_04-08] init: _on_browser_menus_did_init START
[22-33_04-08] load_browser_menu: START
[22-33_04-08] load_browser_menu: hardcoded actions count = 2
[22-33_04-08] load_browser_menu: created browser.form.menu_Custom with title = Custom
[22-33_04-08] load_browser_menu: entering actions loop
[22-33_04-08]   action: name='Search all', module='Find_QIDs', function='run_search_all_from_browser', submenu='None'
[22-33_04-08]   added action 'Search all' under menu 'Custom'
[22-33_04-08]   action: name='Search 1-by-1', module='Find_QIDs', function='run_search_one_by_one_from_browser', submenu='None'
[22-33_04-08]   added action 'Search 1-by-1' under menu 'Custom'
[22-33_04-08] load_browser_menu: adding 'QID search settings' directly under top-level Custom menu
[22-33_04-08] load_browser_menu: END
[22-33_04-08] init: _on_browser_menus_did_init END (success)
[22-41_04-08] init: _on_browser_menus_did_init START
[22-41_04-08] load_browser_menu: START
[22-41_04-08] load_browser_menu: hardcoded actions count = 2
[22-41_04-08] load_browser_menu: created browser.form.menu_Custom with title = Custom
[22-41_04-08] load_browser_menu: entering actions loop
[22-41_04-08]   action: name='Search all', module='Find_QIDs', function='run_search_all_from_browser', submenu='None'
[22-41_04-08]   added action 'Search all' under menu 'Custom'
[22-41_04-08]   action: name='Search 1-by-1', module='Find_QIDs', function='run_search_one_by_one_from_browser', submenu='None'
[22-41_04-08]   added action 'Search 1-by-1' under menu 'Custom'
[22-41_04-08] load_browser_menu: adding 'QID search settings' directly under top-level Custom menu
[22-41_04-08] load_browser_menu: END
[22-41_04-08] init: _on_browser_menus_did_init END (success)
[18-04_04-09] init: _on_browser_menus_did_init START
[18-04_04-09] load_browser_menu: START
[18-04_04-09] load_browser_menu: hardcoded actions count = 2
[18-04_04-09] load_browser_menu: reusing browser.form.menu_Custom with title = Custom
[18-04_04-09] load_browser_menu: removing legacy 'Find QIDs' submenu now that actions are added directly under Custom
[18-04_04-09] load_browser_menu: entering actions loop
[18-04_04-09]   action: name='Search all', module='Find_QIDs', function='run_search_all_from_browser', submenu='None'
[18-04_04-09]   added action 'Search all' under menu 'Custom'
[18-04_04-09]   action: name='Search 1-by-1', module='Find_QIDs', function='run_search_one_by_one_from_browser', submenu='None'
[18-04_04-09]   added action 'Search 1-by-1' under menu 'Custom'
[18-04_04-09] load_browser_menu: adding 'QID search settings' directly under top-level Custom menu
[18-04_04-09] load_browser_menu: END
[18-04_04-09] init: _on_browser_menus_did_init END (success)
[19-56_04-09] init: _on_browser_menus_did_init START
[19-56_04-09] load_browser_menu: START
[19-56_04-09] load_browser_menu: hardcoded actions count = 2
[19-56_04-09] load_browser_menu: reusing browser.form.menu_Custom with title = Custom
[19-56_04-09] load_browser_menu: removing legacy 'Find QIDs' submenu now that actions are added directly under Custom
[19-56_04-09] load_browser_menu: entering actions loop
[19-56_04-09]   action: name='Search all', module='Find_QIDs', function='run_search_all_from_browser', submenu='None'
[19-56_04-09]   added action 'Search all' under menu 'Custom'
[19-56_04-09]   action: name='Search 1-by-1', module='Find_QIDs', function='run_search_one_by_one_from_browser', submenu='None'
[19-56_04-09]   added action 'Search 1-by-1' under menu 'Custom'
[19-56_04-09] load_browser_menu: adding 'QID search settings' directly under top-level Custom menu
[19-56_04-09] load_browser_menu: END
[19-56_04-09] init: _on_browser_menus_did_init END (success)
[12-49_04-10] init: _on_browser_menus_did_init START
[12-49_04-10] load_browser_menu: START
[12-49_04-10] load_browser_menu: hardcoded actions count = 2
[12-49_04-10] load_browser_menu: reusing browser.form.menu_Custom with title = Custom
[12-49_04-10] load_browser_menu: removing legacy 'Find QIDs' submenu now that actions are added directly under Custom
[12-49_04-10] load_browser_menu: entering actions loop
[12-49_04-10]   action: name='Search all', module='Find_QIDs', function='run_search_all_from_browser', submenu='None'
[12-49_04-10]   added action 'Search all' under menu 'Custom'
[12-49_04-10]   action: name='Search 1-by-1', module='Find_QIDs', function='run_search_one_by_one_from_browser', submenu='None'
[12-49_04-10]   added action 'Search 1-by-1' under menu 'Custom'
[12-49_04-10] load_browser_menu: adding 'QID search settings' directly under top-level Custom menu
[12-49_04-10] load_browser_menu: END
[12-49_04-10] init: _on_browser_menus_did_init END (success)
[12-51_04-10] init: _on_browser_menus_did_init START
[12-51_04-10] load_browser_menu: START
[12-51_04-10] load_browser_menu: hardcoded actions count = 2
[12-51_04-10] load_browser_menu: reusing browser.form.menu_Custom with title = Custom
[12-51_04-10] load_browser_menu: removing legacy 'Find QIDs' submenu now that actions are added directly under Custom
[12-51_04-10] load_browser_menu: entering actions loop
[12-51_04-10]   action: name='Search all', module='Find_QIDs', function='run_search_all_from_browser', submenu='None'
[12-51_04-10]   added action 'Search all' under menu 'Custom'
[12-51_04-10]   action: name='Search 1-by-1', module='Find_QIDs', function='run_search_one_by_one_from_browser', submenu='None'
[12-51_04-10]   added action 'Search 1-by-1' under menu 'Custom'
[12-51_04-10] load_browser_menu: adding 'QID search settings' directly under top-level Custom menu
[12-51_04-10] load_browser_menu: END
[12-51_04-10] init: _on_browser_menus_did_init END (success)
